[debug] [2025-01-06T16:47:11.678Z] ----------------------------------------------------------------------
[debug] [2025-01-06T16:47:11.690Z] Command:       C:\Program Files\nodejs\node.exe C:\Users\pc\AppData\Roaming\npm\node_modules\firebase-tools\lib\bin\firebase.js deploy
[debug] [2025-01-06T16:47:11.691Z] CLI Version:   13.24.2
[debug] [2025-01-06T16:47:11.692Z] Platform:      win32
[debug] [2025-01-06T16:47:11.692Z] Node Version:  v20.15.1
[debug] [2025-01-06T16:47:11.692Z] Time:          Mon Jan 06 2025 19:47:11 GMT+0300 (Arabian Standard Time)
[debug] [2025-01-06T16:47:11.692Z] ----------------------------------------------------------------------
[debug] 
[debug] [2025-01-06T16:47:11.865Z] > command requires scopes: ["email","openid","https://www.googleapis.com/auth/cloudplatformprojects.readonly","https://www.googleapis.com/auth/firebase","https://www.googleapis.com/auth/cloud-platform"]
[debug] [2025-01-06T16:47:11.866Z] > authorizing via signed-in user (ahmed.gamal.1995.1.23@gmail.com)
[debug] [2025-01-06T16:47:11.866Z] [iam] checking project code-corner-174d3 for permissions ["firebase.projects.get","firebasehosting.sites.update"]
[debug] [2025-01-06T16:47:11.869Z] Checked if tokens are valid: true, expires at: 1736185300715
[debug] [2025-01-06T16:47:11.869Z] Checked if tokens are valid: true, expires at: 1736185300715
[debug] [2025-01-06T16:47:11.872Z] >>> [apiv2][query] POST https://cloudresourcemanager.googleapis.com/v1/projects/code-corner-174d3:testIamPermissions [none]
[debug] [2025-01-06T16:47:11.872Z] >>> [apiv2][(partial)header] POST https://cloudresourcemanager.googleapis.com/v1/projects/code-corner-174d3:testIamPermissions x-goog-quota-user=projects/code-corner-174d3
[debug] [2025-01-06T16:47:11.872Z] >>> [apiv2][body] POST https://cloudresourcemanager.googleapis.com/v1/projects/code-corner-174d3:testIamPermissions {"permissions":["firebase.projects.get","firebasehosting.sites.update"]}
[debug] [2025-01-06T16:47:14.087Z] <<< [apiv2][status] POST https://cloudresourcemanager.googleapis.com/v1/projects/code-corner-174d3:testIamPermissions 200
[debug] [2025-01-06T16:47:14.087Z] <<< [apiv2][body] POST https://cloudresourcemanager.googleapis.com/v1/projects/code-corner-174d3:testIamPermissions {"permissions":["firebase.projects.get","firebasehosting.sites.update"]}
[debug] [2025-01-06T16:47:14.089Z] Checked if tokens are valid: true, expires at: 1736185300715
[debug] [2025-01-06T16:47:14.089Z] Checked if tokens are valid: true, expires at: 1736185300715
[debug] [2025-01-06T16:47:14.089Z] >>> [apiv2][query] GET https://firebase.googleapis.com/v1beta1/projects/code-corner-174d3 [none]
[debug] [2025-01-06T16:47:14.494Z] <<< [apiv2][status] GET https://firebase.googleapis.com/v1beta1/projects/code-corner-174d3 200
[debug] [2025-01-06T16:47:14.494Z] <<< [apiv2][body] GET https://firebase.googleapis.com/v1beta1/projects/code-corner-174d3 {"projectId":"code-corner-174d3","projectNumber":"1091489553840","displayName":"code-corner","name":"projects/code-corner-174d3","resources":{"hostingSite":"code-corner-174d3"},"state":"ACTIVE","etag":"1_9a7ad858-a7ce-429b-8682-6eb1cdb95b7a"}
[debug] [2025-01-06T16:47:19.064Z] Checked if tokens are valid: true, expires at: 1736185300715
[debug] [2025-01-06T16:47:19.064Z] Checked if tokens are valid: true, expires at: 1736185300715
[debug] [2025-01-06T16:47:19.065Z] >>> [apiv2][query] GET https://firebasehosting.googleapis.com/v1beta1/projects/code-corner-174d3/sites pageToken=&pageSize=10
[debug] [2025-01-06T16:47:23.550Z] <<< [apiv2][status] GET https://firebasehosting.googleapis.com/v1beta1/projects/code-corner-174d3/sites 200
[debug] [2025-01-06T16:47:23.550Z] <<< [apiv2][body] GET https://firebasehosting.googleapis.com/v1beta1/projects/code-corner-174d3/sites {"sites":[{"name":"projects/code-corner-174d3/sites/code-corner-174d3","defaultUrl":"https://code-corner-174d3.web.app","type":"DEFAULT_SITE"}]}
[debug] [2025-01-06T16:47:23.551Z] Checked if tokens are valid: true, expires at: 1736185300715
[debug] [2025-01-06T16:47:23.551Z] Checked if tokens are valid: true, expires at: 1736185300715
[debug] [2025-01-06T16:47:23.551Z] >>> [apiv2][query] GET https://firebasehosting.googleapis.com/v1beta1/projects/code-corner-174d3/sites 
[debug] [2025-01-06T16:47:23.883Z] <<< [apiv2][status] GET https://firebasehosting.googleapis.com/v1beta1/projects/code-corner-174d3/sites 200
[debug] [2025-01-06T16:47:23.883Z] <<< [apiv2][body] GET https://firebasehosting.googleapis.com/v1beta1/projects/code-corner-174d3/sites {"sites":[{"name":"projects/code-corner-174d3/sites/code-corner-174d3","defaultUrl":"https://code-corner-174d3.web.app","type":"DEFAULT_SITE"}]}
[debug] [2025-01-06T16:47:23.884Z] Checked if tokens are valid: true, expires at: 1736185300715
[debug] [2025-01-06T16:47:23.884Z] Checked if tokens are valid: true, expires at: 1736185300715
[debug] [2025-01-06T16:47:23.884Z] >>> [apiv2][query] GET https://firebase.googleapis.com/v1beta1/projects/code-corner-174d3/webApps/-/config [none]
[debug] [2025-01-06T16:47:24.724Z] <<< [apiv2][status] GET https://firebase.googleapis.com/v1beta1/projects/code-corner-174d3/webApps/-/config 200
[debug] [2025-01-06T16:47:24.724Z] <<< [apiv2][body] GET https://firebase.googleapis.com/v1beta1/projects/code-corner-174d3/webApps/-/config {"projectId":"code-corner-174d3","appId":"1:1091489553840:web:f808e6741ca1ec99e08a75","storageBucket":"code-corner-174d3.firebasestorage.app","apiKey":"AIzaSyBprAihhpoVqmV-GXs4F1qJKTHamh2QbNw","authDomain":"code-corner-174d3.firebaseapp.com","messagingSenderId":"1091489553840","measurementId":"G-MHXGCDFDYP"}
[info] 
   Thank you for trying our early preview of Next.js support on Firebase Hosting.
   During the preview, support is best-effort and breaking changes can be expected. Proceed with caution.
   The integration is known to work with Next.js version 12 - 15.0. You may encounter errors.

   Documentation: https://firebase.google.com/docs/hosting/frameworks/nextjs
   File a bug: https://github.com/firebase/firebase-tools/issues/new?template=bug_report.md
   Submit a feature request: https://github.com/firebase/firebase-tools/issues/new?template=feature_request.md

   We'd love to learn from you. Express your interest in helping us shape the future of Firebase Hosting: https://goo.gle/41enW5X

[debug] [2025-01-06T16:47:35.908Z] Checked if tokens are valid: true, expires at: 1736185300715
[debug] [2025-01-06T16:47:35.908Z] Checked if tokens are valid: true, expires at: 1736185300715
[debug] [2025-01-06T16:47:35.909Z] >>> [apiv2][query] GET https://firebasehosting.googleapis.com/v1beta1/projects/code-corner-174d3/sites/code-corner-174d3 [none]
[debug] [2025-01-06T16:47:37.295Z] <<< [apiv2][status] GET https://firebasehosting.googleapis.com/v1beta1/projects/code-corner-174d3/sites/code-corner-174d3 200
[debug] [2025-01-06T16:47:37.295Z] <<< [apiv2][body] GET https://firebasehosting.googleapis.com/v1beta1/projects/code-corner-174d3/sites/code-corner-174d3 {"name":"projects/code-corner-174d3/sites/code-corner-174d3","defaultUrl":"https://code-corner-174d3.web.app","type":"DEFAULT_SITE"}
[info]    ▲ Next.js 15.1.3

[info]    - Environments: .env.local

[info] 

[info]    Creating an optimized production build ...

[info]  ✓ Compiled successfully

[info]    Linting and checking validity of types ...

[info]    Collecting page data ...

[info]    Generating static pages (0/12) ...

[info]    Generating static pages (3/12) 

[info]    Generating static pages (6/12) 

[info]    Generating static pages (9/12) 

[info]  ✓ Generating static pages (12/12)

[info]    Finalizing page optimization ...

[info]    Collecting build traces ...

[info] 

[info] Route (app)                              Size     First Load JS
┌ ○ /                                    1.61 kB         248 kB
├ ○ /_not-found                          979 B           106 kB
├ ○ /aboutme                             1.61 kB         248 kB
├ ƒ /articles/[articleDocId]             1.61 kB         248 kB
├ ○ /categories                          1.61 kB         248 kB
├ ƒ /categories/[categoryDocId]          1.61 kB         248 kB
├ ○ /contactme                           2.33 kB         249 kB
├ ○ /search                              2.81 kB         249 kB
├ ○ /signin                              1.64 kB         248 kB
├ ○ /signup                              2.78 kB         274 kB
└ ○ /writearticle                        3.68 kB         275 kB
+ First Load JS shared by all            105 kB
  ├ chunks/4bd1b696-f70005b4272e58bb.js  52.9 kB
  ├ chunks/517-68e298f77f9152ae.js       50.5 kB
  └ other shared chunks (total)          1.97 kB


[info] 
○  (Static)   prerendered as static content
ƒ  (Dynamic)  server-rendered on demand


[info] Building a Cloud Function to run this application. This is needed due to:
[info]  • non-static component /categories/[categoryDocId]/page
[info]  • non-static component /articles/[articleDocId]/page
[info] 
[debug] [2025-01-06T16:49:01.650Z] Checked if tokens are valid: true, expires at: 1736185300715
[debug] [2025-01-06T16:49:01.650Z] Checked if tokens are valid: true, expires at: 1736185300715
[debug] [2025-01-06T16:49:01.651Z] >>> [apiv2][query] GET https://firebasehosting.googleapis.com/v1beta1/projects/code-corner-174d3/sites/code-corner-174d3 [none]
[debug] [2025-01-06T16:49:02.770Z] <<< [apiv2][status] GET https://firebasehosting.googleapis.com/v1beta1/projects/code-corner-174d3/sites/code-corner-174d3 200
[debug] [2025-01-06T16:49:02.770Z] <<< [apiv2][body] GET https://firebasehosting.googleapis.com/v1beta1/projects/code-corner-174d3/sites/code-corner-174d3 {"name":"projects/code-corner-174d3/sites/code-corner-174d3","defaultUrl":"https://code-corner-174d3.web.app","type":"DEFAULT_SITE"}
[debug] [2025-01-06T16:53:53.446Z] Error: Command failed: npm i --omit dev --no-audit
    at genericNodeError (node:internal/errors:984:15)
    at wrappedFn (node:internal/errors:538:14)
    at checkExecSyncError (node:child_process:890:11)
    at execSync (node:child_process:962:15)
    at prepareFrameworks (C:\Users\pc\AppData\Roaming\npm\node_modules\firebase-tools\lib\frameworks\index.js:371:42)
    at async deploy (C:\Users\pc\AppData\Roaming\npm\node_modules\firebase-tools\lib\deploy\index.js:58:13)
[error] 
[error] Error: An unexpected error has occurred.
